Arguments: 
  /usr/local/Cellar/nvm/0.39.0/versions/node/v14.18.1/bin/node /usr/local/opt/nvm/versions/node/v14.18.1/bin/yarn add yeman-generator

PATH: 
  /usr/local/opt/nvm/versions/node/v14.18.1/bin:/Users/yuang/development/flutter/bin:/usr/local/bin:/usr/bin:/bin:/usr/sbin:/sbin:/Applications/VMware Fusion.app/Contents/Public:/Library/TeX/texbin:/Library/Apple/usr/bin:/usr/local/opt/nvm/versions/node/v14.18.1/bin:/usr/local/sbin:/Users/yuang/development/flutter/bin:/Library/Java/maven/apache-maven-3.8.1/bin:/usr/local/mysql/bin:/Users/yuang/neo4j/bin:/Users/yuang/Library/ApacheTomcat/bin:/usr/local/mongoDB/bin:/Library/Java/maven/apache-maven-3.8.1/bin:/usr/local/mysql/bin:/Users/yuang/neo4j/bin:/Users/yuang/Library/ApacheTomcat/bin:/usr/local/mongoDB/bin

Yarn version: 
  1.22.17

Node version: 
  14.18.1

Platform: 
  darwin x64

Trace: 
  Error: https://registry.npmmirror.com/yeman-generator: [NOT_FOUND] yeman-generator not found
      at Request.params.callback [as _callback] (/usr/local/Cellar/nvm/0.39.0/versions/node/v14.18.1/lib/node_modules/yarn/lib/cli.js:67029:18)
      at Request.self.callback (/usr/local/Cellar/nvm/0.39.0/versions/node/v14.18.1/lib/node_modules/yarn/lib/cli.js:140883:22)
      at Request.emit (events.js:400:28)
      at Request.<anonymous> (/usr/local/Cellar/nvm/0.39.0/versions/node/v14.18.1/lib/node_modules/yarn/lib/cli.js:141855:10)
      at Request.emit (events.js:400:28)
      at Gunzip.<anonymous> (/usr/local/Cellar/nvm/0.39.0/versions/node/v14.18.1/lib/node_modules/yarn/lib/cli.js:141777:12)
      at Object.onceWrapper (events.js:519:28)
      at Gunzip.emit (events.js:400:28)
      at endReadableNT (internal/streams/readable.js:1334:12)
      at processTicksAndRejections (internal/process/task_queues.js:82:21)

npm manifest: 
  {
    "name": "generator-mason-vue",
    "version": "1.0.0",
    "main": "index.js",
    "license": "MIT"
  }

yarn manifest: 
  No manifest

Lockfile: 
  No lockfile
